0 info it worked if it ends with ok
1 verbose cli [ 'node', '/usr/local/bin/npm', 'install', '-g', 'socket.io', '-f' ]
2 info using npm@1.4.14
3 info using node@v0.10.29
4 warn using --force I sure hope you know what you are doing.
5 verbose cache add [ 'socket.io', null ]
6 verbose cache add name=undefined spec="socket.io" args=["socket.io",null]
7 verbose parsed url { protocol: null,
7 verbose parsed url   slashes: null,
7 verbose parsed url   auth: null,
7 verbose parsed url   host: null,
7 verbose parsed url   port: null,
7 verbose parsed url   hostname: null,
7 verbose parsed url   hash: null,
7 verbose parsed url   search: null,
7 verbose parsed url   query: null,
7 verbose parsed url   pathname: 'socket.io',
7 verbose parsed url   path: 'socket.io',
7 verbose parsed url   href: 'socket.io' }
8 silly lockFile 71475bfd-socket-io socket.io
9 verbose lock socket.io /Users/bbiiggppiigg/.npm/71475bfd-socket-io.lock
10 silly lockFile 71475bfd-socket-io socket.io
11 silly lockFile 71475bfd-socket-io socket.io
12 verbose addNamed [ 'socket.io', '' ]
13 verbose addNamed [ null, '*' ]
14 silly lockFile c03de861-socket-io socket.io@
15 verbose lock socket.io@ /Users/bbiiggppiigg/.npm/c03de861-socket-io.lock
16 silly addNameRange { name: 'socket.io', range: '*', hasData: false }
17 verbose url raw socket.io
18 verbose url resolving [ 'https://registry.npmjs.org/', './socket.io' ]
19 verbose url resolved https://registry.npmjs.org/socket.io
20 info trying registry request attempt 1 at 14:27:19
21 verbose etag "7ZO2ECJW7K4WLJY9DM2NPE21N"
22 http GET https://registry.npmjs.org/socket.io
23 http 200 https://registry.npmjs.org/socket.io
24 silly registry.get cb [ 200,
24 silly registry.get   { date: 'Fri, 26 Sep 2014 19:27:19 GMT',
24 silly registry.get     server: 'CouchDB/1.5.0 (Erlang OTP/R14B04)',
24 silly registry.get     etag: '"E3EDAEDTXBRB7COPCV5IC4JDN"',
24 silly registry.get     'content-type': 'application/json',
24 silly registry.get     'cache-control': 'max-age=60',
24 silly registry.get     'content-length': '98602',
24 silly registry.get     'accept-ranges': 'bytes',
24 silly registry.get     via: '1.1 varnish',
24 silly registry.get     age: '63',
24 silly registry.get     'x-served-by': 'cache-ord1722-ORD',
24 silly registry.get     'x-cache': 'HIT',
24 silly registry.get     'x-cache-hits': '1',
24 silly registry.get     'x-timer': 'S1411759639.614558,VS0,VE64',
24 silly registry.get     vary: 'Accept',
24 silly registry.get     'keep-alive': 'timeout=10, max=50',
24 silly registry.get     connection: 'Keep-Alive' } ]
25 silly addNameRange number 2 { name: 'socket.io', range: '*', hasData: true }
26 silly addNameRange versions [ 'socket.io',
26 silly addNameRange   [ '0.3.8',
26 silly addNameRange     '0.4.0',
26 silly addNameRange     '0.4.1',
26 silly addNameRange     '0.5.1',
26 silly addNameRange     '0.5.3',
26 silly addNameRange     '0.6.0',
26 silly addNameRange     '0.6.1',
26 silly addNameRange     '0.6.3',
26 silly addNameRange     '0.6.4',
26 silly addNameRange     '0.6.5',
26 silly addNameRange     '0.6.6',
26 silly addNameRange     '0.6.7',
26 silly addNameRange     '0.6.8',
26 silly addNameRange     '0.6.9',
26 silly addNameRange     '0.6.10',
26 silly addNameRange     '0.6.11',
26 silly addNameRange     '0.6.12',
26 silly addNameRange     '0.6.14',
26 silly addNameRange     '0.6.15',
26 silly addNameRange     '0.6.16',
26 silly addNameRange     '0.6.17',
26 silly addNameRange     '0.6.18',
26 silly addNameRange     '0.7.0',
26 silly addNameRange     '0.7.1',
26 silly addNameRange     '0.7.2',
26 silly addNameRange     '0.7.3',
26 silly addNameRange     '0.7.4',
26 silly addNameRange     '0.7.5',
26 silly addNameRange     '0.7.6',
26 silly addNameRange     '0.7.7',
26 silly addNameRange     '0.7.8',
26 silly addNameRange     '0.7.9',
26 silly addNameRange     '0.7.10',
26 silly addNameRange     '0.7.11',
26 silly addNameRange     '0.8.0',
26 silly addNameRange     '0.8.1',
26 silly addNameRange     '0.8.2',
26 silly addNameRange     '0.8.3',
26 silly addNameRange     '0.8.4',
26 silly addNameRange     '0.8.5',
26 silly addNameRange     '0.8.6',
26 silly addNameRange     '0.8.7',
26 silly addNameRange     '0.9.0',
26 silly addNameRange     '0.9.1',
26 silly addNameRange     '0.9.1-1',
26 silly addNameRange     '0.9.2',
26 silly addNameRange     '0.9.3',
26 silly addNameRange     '0.9.4',
26 silly addNameRange     '0.9.5',
26 silly addNameRange     '0.9.6',
26 silly addNameRange     '0.9.7',
26 silly addNameRange     '0.9.8',
26 silly addNameRange     '0.9.9',
26 silly addNameRange     '0.9.10',
26 silly addNameRange     '0.9.11',
26 silly addNameRange     '0.9.12',
26 silly addNameRange     '0.9.13',
26 silly addNameRange     '0.9.14',
26 silly addNameRange     '0.9.15',
26 silly addNameRange     '0.9.16',
26 silly addNameRange     '1.0.0-pre',
26 silly addNameRange     '1.0.0-pre2',
26 silly addNameRange     '1.0.0-pre3',
26 silly addNameRange     '1.0.0-pre4',
26 silly addNameRange     '1.0.0-pre5',
26 silly addNameRange     '0.9.17',
26 silly addNameRange     '1.0.0',
26 silly addNameRange     '1.0.1',
26 silly addNameRange     '1.0.2',
26 silly addNameRange     '1.0.3',
26 silly addNameRange     '1.0.4',
26 silly addNameRange     '1.0.5',
26 silly addNameRange     '1.0.6',
26 silly addNameRange     '1.1.0' ] ]
27 verbose addNamed [ 'socket.io', '1.1.0' ]
28 verbose addNamed [ '1.1.0', '1.1.0' ]
29 silly lockFile 8bfafe15-socket-io-1-1-0 socket.io@1.1.0
30 verbose lock socket.io@1.1.0 /Users/bbiiggppiigg/.npm/8bfafe15-socket-io-1-1-0.lock
31 silly lockFile 9bb74f5a-rg-socket-io-socket-io-1-1-0-tgz https://registry.npmjs.org/socket.io/-/socket.io-1.1.0.tgz
32 verbose lock https://registry.npmjs.org/socket.io/-/socket.io-1.1.0.tgz /Users/bbiiggppiigg/.npm/9bb74f5a-rg-socket-io-socket-io-1-1-0-tgz.lock
33 verbose addRemoteTarball [ 'https://registry.npmjs.org/socket.io/-/socket.io-1.1.0.tgz',
33 verbose addRemoteTarball   '0825ecb5740f34c2319a40087c537a348010dbb6' ]
34 info retry fetch attempt 1 at 14:27:20
35 verbose fetch to= /var/folders/f_/2c_pgxv94l9_jj_b3gsw48xc0000gn/T/npm-82838-bpmNyRDO/registry.npmjs.org/socket.io/-/socket.io-1.1.0.tgz
36 http GET https://registry.npmjs.org/socket.io/-/socket.io-1.1.0.tgz
37 http 200 https://registry.npmjs.org/socket.io/-/socket.io-1.1.0.tgz
38 silly lockFile 9bb74f5a-rg-socket-io-socket-io-1-1-0-tgz https://registry.npmjs.org/socket.io/-/socket.io-1.1.0.tgz
39 silly lockFile 9bb74f5a-rg-socket-io-socket-io-1-1-0-tgz https://registry.npmjs.org/socket.io/-/socket.io-1.1.0.tgz
40 silly lockFile 8bfafe15-socket-io-1-1-0 socket.io@1.1.0
41 silly lockFile 8bfafe15-socket-io-1-1-0 socket.io@1.1.0
42 silly lockFile c03de861-socket-io socket.io@
43 silly lockFile c03de861-socket-io socket.io@
44 silly resolved [ { name: 'socket.io',
44 silly resolved     version: '1.1.0',
44 silly resolved     description: 'node.js realtime framework server',
44 silly resolved     keywords:
44 silly resolved      [ 'realtime',
44 silly resolved        'framework',
44 silly resolved        'websocket',
44 silly resolved        'tcp',
44 silly resolved        'events',
44 silly resolved        'socket',
44 silly resolved        'io' ],
44 silly resolved     repository: { type: 'git', url: 'git://github.com/Automattic/socket.io' },
44 silly resolved     scripts: { test: 'make test' },
44 silly resolved     dependencies:
44 silly resolved      { 'engine.io': '1.4.0',
44 silly resolved        'socket.io-parser': '2.2.1',
44 silly resolved        'socket.io-client': '1.1.0',
44 silly resolved        'socket.io-adapter': '0.2.0',
44 silly resolved        'has-binary-data': '0.1.3',
44 silly resolved        debug: '0.7.4' },
44 silly resolved     devDependencies:
44 silly resolved      { mocha: '1.16.2',
44 silly resolved        'expect.js': '0.3.1',
44 silly resolved        supertest: '0.8.2',
44 silly resolved        superagent: '0.17.0',
44 silly resolved        istanbul: '0.2.3' },
44 silly resolved     contributors: [ [Object], [Object], [Object], [Object] ],
44 silly resolved     gitHead: '16483375a78e3dab95e95f1b3ed088b31e042275',
44 silly resolved     bugs: { url: 'https://github.com/Automattic/socket.io/issues' },
44 silly resolved     homepage: 'https://github.com/Automattic/socket.io',
44 silly resolved     _id: 'socket.io@1.1.0',
44 silly resolved     _shasum: '0825ecb5740f34c2319a40087c537a348010dbb6',
44 silly resolved     _from: 'socket.io@',
44 silly resolved     _npmVersion: '1.4.25',
44 silly resolved     _npmUser: { name: 'rauchg', email: 'rauchg@gmail.com' },
44 silly resolved     maintainers: [ [Object] ],
44 silly resolved     dist:
44 silly resolved      { shasum: '0825ecb5740f34c2319a40087c537a348010dbb6',
44 silly resolved        tarball: 'http://registry.npmjs.org/socket.io/-/socket.io-1.1.0.tgz' },
44 silly resolved     directories: {},
44 silly resolved     _resolved: 'https://registry.npmjs.org/socket.io/-/socket.io-1.1.0.tgz' } ]
45 info install socket.io@1.1.0 into /usr/local/lib
46 info installOne socket.io@1.1.0
47 info /usr/local/lib/node_modules/socket.io unbuild
48 verbose tar unpack /Users/bbiiggppiigg/.npm/socket.io/1.1.0/package.tgz
49 silly lockFile 33051dcf-local-lib-node-modules-socket-io tar:///usr/local/lib/node_modules/socket.io
50 verbose lock tar:///usr/local/lib/node_modules/socket.io /Users/bbiiggppiigg/.npm/33051dcf-local-lib-node-modules-socket-io.lock
51 silly lockFile 6f923bf9--npm-socket-io-1-1-0-package-tgz tar:///Users/bbiiggppiigg/.npm/socket.io/1.1.0/package.tgz
52 verbose lock tar:///Users/bbiiggppiigg/.npm/socket.io/1.1.0/package.tgz /Users/bbiiggppiigg/.npm/6f923bf9--npm-socket-io-1-1-0-package-tgz.lock
53 silly gunzTarPerm modes [ '755', '644' ]
54 silly gunzTarPerm extractEntry package.json
55 silly gunzTarPerm extractEntry .npmignore
56 silly gunzTarPerm extractEntry LICENSE
57 silly gunzTarPerm extractEntry index.js
58 silly gunzTarPerm extractEntry Readme.md
59 silly gunzTarPerm extractEntry Makefile
60 silly gunzTarPerm extractEntry .travis.yml
61 silly gunzTarPerm extractEntry History.md
62 silly gunzTarPerm extractEntry lib/client.js
63 silly gunzTarPerm extractEntry lib/index.js
64 silly gunzTarPerm extractEntry lib/namespace.js
65 silly gunzTarPerm extractEntry lib/socket.js
66 silly lockFile 33051dcf-local-lib-node-modules-socket-io tar:///usr/local/lib/node_modules/socket.io
67 silly lockFile 33051dcf-local-lib-node-modules-socket-io tar:///usr/local/lib/node_modules/socket.io
68 silly lockFile 6f923bf9--npm-socket-io-1-1-0-package-tgz tar:///Users/bbiiggppiigg/.npm/socket.io/1.1.0/package.tgz
69 silly lockFile 6f923bf9--npm-socket-io-1-1-0-package-tgz tar:///Users/bbiiggppiigg/.npm/socket.io/1.1.0/package.tgz
70 info preinstall socket.io@1.1.0
71 verbose readDependencies using package.json deps
72 verbose readDependencies using package.json deps
73 verbose cache add [ 'engine.io@1.4.0', null ]
74 verbose cache add name=undefined spec="engine.io@1.4.0" args=["engine.io@1.4.0",null]
75 verbose parsed url { protocol: null,
75 verbose parsed url   slashes: null,
75 verbose parsed url   auth: null,
75 verbose parsed url   host: null,
75 verbose parsed url   port: null,
75 verbose parsed url   hostname: null,
75 verbose parsed url   hash: null,
75 verbose parsed url   search: null,
75 verbose parsed url   query: null,
75 verbose parsed url   pathname: 'engine.io@1.4.0',
75 verbose parsed url   path: 'engine.io@1.4.0',
75 verbose parsed url   href: 'engine.io@1.4.0' }
76 verbose cache add [ 'socket.io-parser@2.2.1', null ]
77 verbose cache add name=undefined spec="socket.io-parser@2.2.1" args=["socket.io-parser@2.2.1",null]
78 verbose parsed url { protocol: null,
78 verbose parsed url   slashes: null,
78 verbose parsed url   auth: null,
78 verbose parsed url   host: null,
78 verbose parsed url   port: null,
78 verbose parsed url   hostname: null,
78 verbose parsed url   hash: null,
78 verbose parsed url   search: null,
78 verbose parsed url   query: null,
78 verbose parsed url   pathname: 'socket.io-parser@2.2.1',
78 verbose parsed url   path: 'socket.io-parser@2.2.1',
78 verbose parsed url   href: 'socket.io-parser@2.2.1' }
79 verbose cache add name="engine.io" spec="1.4.0" args=["engine.io","1.4.0"]
80 verbose parsed url { protocol: null,
80 verbose parsed url   slashes: null,
80 verbose parsed url   auth: null,
80 verbose parsed url   host: null,
80 verbose parsed url   port: null,
80 verbose parsed url   hostname: null,
80 verbose parsed url   hash: null,
80 verbose parsed url   search: null,
80 verbose parsed url   query: null,
80 verbose parsed url   pathname: '1.4.0',
80 verbose parsed url   path: '1.4.0',
80 verbose parsed url   href: '1.4.0' }
81 verbose addNamed [ 'engine.io', '1.4.0' ]
82 verbose addNamed [ '1.4.0', '1.4.0' ]
83 silly lockFile e1fe5251-engine-io-1-4-0 engine.io@1.4.0
84 verbose lock engine.io@1.4.0 /Users/bbiiggppiigg/.npm/e1fe5251-engine-io-1-4-0.lock
85 verbose cache add [ 'socket.io-client@1.1.0', null ]
86 verbose cache add name=undefined spec="socket.io-client@1.1.0" args=["socket.io-client@1.1.0",null]
87 verbose parsed url { protocol: null,
87 verbose parsed url   slashes: null,
87 verbose parsed url   auth: null,
87 verbose parsed url   host: null,
87 verbose parsed url   port: null,
87 verbose parsed url   hostname: null,
87 verbose parsed url   hash: null,
87 verbose parsed url   search: null,
87 verbose parsed url   query: null,
87 verbose parsed url   pathname: 'socket.io-client@1.1.0',
87 verbose parsed url   path: 'socket.io-client@1.1.0',
87 verbose parsed url   href: 'socket.io-client@1.1.0' }
88 verbose cache add [ 'socket.io-adapter@0.2.0', null ]
89 verbose cache add name=undefined spec="socket.io-adapter@0.2.0" args=["socket.io-adapter@0.2.0",null]
90 verbose parsed url { protocol: null,
90 verbose parsed url   slashes: null,
90 verbose parsed url   auth: null,
90 verbose parsed url   host: null,
90 verbose parsed url   port: null,
90 verbose parsed url   hostname: null,
90 verbose parsed url   hash: null,
90 verbose parsed url   search: null,
90 verbose parsed url   query: null,
90 verbose parsed url   pathname: 'socket.io-adapter@0.2.0',
90 verbose parsed url   path: 'socket.io-adapter@0.2.0',
90 verbose parsed url   href: 'socket.io-adapter@0.2.0' }
91 verbose cache add name="socket.io-parser" spec="2.2.1" args=["socket.io-parser","2.2.1"]
92 verbose parsed url { protocol: null,
92 verbose parsed url   slashes: null,
92 verbose parsed url   auth: null,
92 verbose parsed url   host: null,
92 verbose parsed url   port: null,
92 verbose parsed url   hostname: null,
92 verbose parsed url   hash: null,
92 verbose parsed url   search: null,
92 verbose parsed url   query: null,
92 verbose parsed url   pathname: '2.2.1',
92 verbose parsed url   path: '2.2.1',
92 verbose parsed url   href: '2.2.1' }
93 verbose addNamed [ 'socket.io-parser', '2.2.1' ]
94 verbose addNamed [ '2.2.1', '2.2.1' ]
95 silly lockFile e0f835e4-socket-io-parser-2-2-1 socket.io-parser@2.2.1
96 verbose lock socket.io-parser@2.2.1 /Users/bbiiggppiigg/.npm/e0f835e4-socket-io-parser-2-2-1.lock
97 verbose cache add name="socket.io-client" spec="1.1.0" args=["socket.io-client","1.1.0"]
98 verbose parsed url { protocol: null,
98 verbose parsed url   slashes: null,
98 verbose parsed url   auth: null,
98 verbose parsed url   host: null,
98 verbose parsed url   port: null,
98 verbose parsed url   hostname: null,
98 verbose parsed url   hash: null,
98 verbose parsed url   search: null,
98 verbose parsed url   query: null,
98 verbose parsed url   pathname: '1.1.0',
98 verbose parsed url   path: '1.1.0',
98 verbose parsed url   href: '1.1.0' }
99 verbose addNamed [ 'socket.io-client', '1.1.0' ]
100 verbose addNamed [ '1.1.0', '1.1.0' ]
101 silly lockFile f55705ef-socket-io-client-1-1-0 socket.io-client@1.1.0
102 verbose lock socket.io-client@1.1.0 /Users/bbiiggppiigg/.npm/f55705ef-socket-io-client-1-1-0.lock
103 verbose cache add name="socket.io-adapter" spec="0.2.0" args=["socket.io-adapter","0.2.0"]
104 verbose parsed url { protocol: null,
104 verbose parsed url   slashes: null,
104 verbose parsed url   auth: null,
104 verbose parsed url   host: null,
104 verbose parsed url   port: null,
104 verbose parsed url   hostname: null,
104 verbose parsed url   hash: null,
104 verbose parsed url   search: null,
104 verbose parsed url   query: null,
104 verbose parsed url   pathname: '0.2.0',
104 verbose parsed url   path: '0.2.0',
104 verbose parsed url   href: '0.2.0' }
105 verbose addNamed [ 'socket.io-adapter', '0.2.0' ]
106 verbose addNamed [ '0.2.0', '0.2.0' ]
107 silly lockFile 00adeea2-socket-io-adapter-0-2-0 socket.io-adapter@0.2.0
108 verbose lock socket.io-adapter@0.2.0 /Users/bbiiggppiigg/.npm/00adeea2-socket-io-adapter-0-2-0.lock
109 verbose cache add [ 'has-binary-data@0.1.3', null ]
110 verbose cache add name=undefined spec="has-binary-data@0.1.3" args=["has-binary-data@0.1.3",null]
111 verbose parsed url { protocol: null,
111 verbose parsed url   slashes: null,
111 verbose parsed url   auth: null,
111 verbose parsed url   host: null,
111 verbose parsed url   port: null,
111 verbose parsed url   hostname: null,
111 verbose parsed url   hash: null,
111 verbose parsed url   search: null,
111 verbose parsed url   query: null,
111 verbose parsed url   pathname: 'has-binary-data@0.1.3',
111 verbose parsed url   path: 'has-binary-data@0.1.3',
111 verbose parsed url   href: 'has-binary-data@0.1.3' }
112 verbose cache add [ 'debug@0.7.4', null ]
113 verbose cache add name=undefined spec="debug@0.7.4" args=["debug@0.7.4",null]
114 verbose parsed url { protocol: null,
114 verbose parsed url   slashes: null,
114 verbose parsed url   auth: null,
114 verbose parsed url   host: null,
114 verbose parsed url   port: null,
114 verbose parsed url   hostname: null,
114 verbose parsed url   hash: null,
114 verbose parsed url   search: null,
114 verbose parsed url   query: null,
114 verbose parsed url   pathname: 'debug@0.7.4',
114 verbose parsed url   path: 'debug@0.7.4',
114 verbose parsed url   href: 'debug@0.7.4' }
115 verbose cache add name="has-binary-data" spec="0.1.3" args=["has-binary-data","0.1.3"]
116 verbose parsed url { protocol: null,
116 verbose parsed url   slashes: null,
116 verbose parsed url   auth: null,
116 verbose parsed url   host: null,
116 verbose parsed url   port: null,
116 verbose parsed url   hostname: null,
116 verbose parsed url   hash: null,
116 verbose parsed url   search: null,
116 verbose parsed url   query: null,
116 verbose parsed url   pathname: '0.1.3',
116 verbose parsed url   path: '0.1.3',
116 verbose parsed url   href: '0.1.3' }
117 verbose addNamed [ 'has-binary-data', '0.1.3' ]
118 verbose addNamed [ '0.1.3', '0.1.3' ]
119 silly lockFile f0f0db2a-has-binary-data-0-1-3 has-binary-data@0.1.3
120 verbose lock has-binary-data@0.1.3 /Users/bbiiggppiigg/.npm/f0f0db2a-has-binary-data-0-1-3.lock
121 verbose cache add name="debug" spec="0.7.4" args=["debug","0.7.4"]
122 verbose parsed url { protocol: null,
122 verbose parsed url   slashes: null,
122 verbose parsed url   auth: null,
122 verbose parsed url   host: null,
122 verbose parsed url   port: null,
122 verbose parsed url   hostname: null,
122 verbose parsed url   hash: null,
122 verbose parsed url   search: null,
122 verbose parsed url   query: null,
122 verbose parsed url   pathname: '0.7.4',
122 verbose parsed url   path: '0.7.4',
122 verbose parsed url   href: '0.7.4' }
123 verbose addNamed [ 'debug', '0.7.4' ]
124 verbose addNamed [ '0.7.4', '0.7.4' ]
125 silly lockFile 16160008-debug-0-7-4 debug@0.7.4
126 verbose lock debug@0.7.4 /Users/bbiiggppiigg/.npm/16160008-debug-0-7-4.lock
127 verbose url raw engine.io
128 verbose url resolving [ 'https://registry.npmjs.org/', './engine.io' ]
129 verbose url resolved https://registry.npmjs.org/engine.io
130 info trying registry request attempt 1 at 14:27:20
131 http GET https://registry.npmjs.org/engine.io
132 verbose url raw socket.io-adapter
133 verbose url resolving [ 'https://registry.npmjs.org/', './socket.io-adapter' ]
134 verbose url resolved https://registry.npmjs.org/socket.io-adapter
135 info trying registry request attempt 1 at 14:27:20
136 http GET https://registry.npmjs.org/socket.io-adapter
137 verbose url raw socket.io-parser
138 verbose url resolving [ 'https://registry.npmjs.org/', './socket.io-parser' ]
139 verbose url resolved https://registry.npmjs.org/socket.io-parser
140 info trying registry request attempt 1 at 14:27:20
141 verbose etag "4BXKIN73838V17TI724TQG0NG"
142 http GET https://registry.npmjs.org/socket.io-parser
143 verbose url raw socket.io-client
144 verbose url resolving [ 'https://registry.npmjs.org/', './socket.io-client' ]
145 verbose url resolved https://registry.npmjs.org/socket.io-client
146 info trying registry request attempt 1 at 14:27:20
147 verbose etag "9YFZ9YGNIVBIOCNGY8IV2CVI0"
148 http GET https://registry.npmjs.org/socket.io-client
149 verbose url raw has-binary-data
150 verbose url resolving [ 'https://registry.npmjs.org/', './has-binary-data' ]
151 verbose url resolved https://registry.npmjs.org/has-binary-data
152 info trying registry request attempt 1 at 14:27:20
153 verbose etag "3SWR729TG0BUIUX84C1J8F44N"
154 http GET https://registry.npmjs.org/has-binary-data
155 verbose url raw debug
156 verbose url resolving [ 'https://registry.npmjs.org/', './debug' ]
157 verbose url resolved https://registry.npmjs.org/debug
158 info trying registry request attempt 1 at 14:27:20
159 verbose etag "55JANDFF1DM149DFSG3RYF84G"
160 http GET https://registry.npmjs.org/debug
161 http 200 https://registry.npmjs.org/socket.io-client
162 silly registry.get cb [ 200,
162 silly registry.get   { date: 'Fri, 26 Sep 2014 19:27:20 GMT',
162 silly registry.get     server: 'CouchDB/1.5.0 (Erlang OTP/R16B03)',
162 silly registry.get     etag: '"1OI3I5EE4OFIS3NFZ8UNTE113"',
162 silly registry.get     'content-type': 'application/json',
162 silly registry.get     'cache-control': 'max-age=60',
162 silly registry.get     'content-length': '73425',
162 silly registry.get     'accept-ranges': 'bytes',
162 silly registry.get     via: '1.1 varnish',
162 silly registry.get     age: '124',
162 silly registry.get     'x-served-by': 'cache-ord1734-ORD',
162 silly registry.get     'x-cache': 'HIT',
162 silly registry.get     'x-cache-hits': '1',
162 silly registry.get     'x-timer': 'S1411759640.201175,VS0,VE0',
162 silly registry.get     vary: 'Accept',
162 silly registry.get     'keep-alive': 'timeout=10, max=50',
162 silly registry.get     connection: 'Keep-Alive' } ]
163 http 200 https://registry.npmjs.org/socket.io-adapter
164 silly registry.get cb [ 200,
164 silly registry.get   { date: 'Fri, 26 Sep 2014 19:27:20 GMT',
164 silly registry.get     server: 'CouchDB/1.5.0 (Erlang OTP/R16B03)',
164 silly registry.get     etag: '"DB3WRKB5PIGGGA2N7MHAM7T72"',
164 silly registry.get     'content-type': 'application/json',
164 silly registry.get     'cache-control': 'max-age=60',
164 silly registry.get     'content-length': '2590',
164 silly registry.get     'accept-ranges': 'bytes',
164 silly registry.get     via: '1.1 varnish',
164 silly registry.get     age: '2422',
164 silly registry.get     'x-served-by': 'cache-ord1733-ORD',
164 silly registry.get     'x-cache': 'HIT',
164 silly registry.get     'x-cache-hits': '1',
164 silly registry.get     'x-timer': 'S1411759640.207455,VS0,VE65',
164 silly registry.get     vary: 'Accept',
164 silly registry.get     'keep-alive': 'timeout=10, max=50',
164 silly registry.get     connection: 'Keep-Alive' } ]
165 silly lockFile ebe063c6-lient-socket-io-client-1-1-0-tgz https://registry.npmjs.org/socket.io-client/-/socket.io-client-1.1.0.tgz
166 verbose lock https://registry.npmjs.org/socket.io-client/-/socket.io-client-1.1.0.tgz /Users/bbiiggppiigg/.npm/ebe063c6-lient-socket-io-client-1-1-0-tgz.lock
167 silly lockFile 7ce016af-pter-socket-io-adapter-0-2-0-tgz https://registry.npmjs.org/socket.io-adapter/-/socket.io-adapter-0.2.0.tgz
168 verbose lock https://registry.npmjs.org/socket.io-adapter/-/socket.io-adapter-0.2.0.tgz /Users/bbiiggppiigg/.npm/7ce016af-pter-socket-io-adapter-0-2-0-tgz.lock
169 verbose addRemoteTarball [ 'https://registry.npmjs.org/socket.io-client/-/socket.io-client-1.1.0.tgz',
169 verbose addRemoteTarball   '66b8b99c709ede111c724b7cc45b16dbeadd4abc' ]
170 verbose addRemoteTarball [ 'https://registry.npmjs.org/socket.io-adapter/-/socket.io-adapter-0.2.0.tgz',
170 verbose addRemoteTarball   'bd39329b8961371787e24f345b074ec9cf000e33' ]
171 info retry fetch attempt 1 at 14:27:20
172 verbose fetch to= /var/folders/f_/2c_pgxv94l9_jj_b3gsw48xc0000gn/T/npm-82838-bpmNyRDO/registry.npmjs.org/socket.io-client/-/socket.io-client-1.1.0.tgz
173 info retry fetch attempt 1 at 14:27:20
174 verbose fetch to= /var/folders/f_/2c_pgxv94l9_jj_b3gsw48xc0000gn/T/npm-82838-bpmNyRDO/registry.npmjs.org/socket.io-adapter/-/socket.io-adapter-0.2.0.tgz
175 http GET https://registry.npmjs.org/socket.io-client/-/socket.io-client-1.1.0.tgz
176 http GET https://registry.npmjs.org/socket.io-adapter/-/socket.io-adapter-0.2.0.tgz
177 http 200 https://registry.npmjs.org/debug
178 silly registry.get cb [ 200,
178 silly registry.get   { date: 'Fri, 26 Sep 2014 19:27:20 GMT',
178 silly registry.get     server: 'CouchDB/1.5.0 (Erlang OTP/R16B03)',
178 silly registry.get     etag: '"8GS2Y1PXOCFVKAR7862Q9LURX"',
178 silly registry.get     'content-type': 'application/json',
178 silly registry.get     'cache-control': 'max-age=60',
178 silly registry.get     'content-length': '26769',
178 silly registry.get     'accept-ranges': 'bytes',
178 silly registry.get     via: '1.1 varnish',
178 silly registry.get     age: '1340',
178 silly registry.get     'x-served-by': 'cache-ord1734-ORD',
178 silly registry.get     'x-cache': 'HIT',
178 silly registry.get     'x-cache-hits': '1',
178 silly registry.get     'x-timer': 'S1411759640.284697,VS0,VE0',
178 silly registry.get     vary: 'Accept',
178 silly registry.get     'keep-alive': 'timeout=10, max=49',
178 silly registry.get     connection: 'Keep-Alive' } ]
179 silly lockFile e18a217e--npmjs-org-debug-debug-0-7-4-tgz https://registry.npmjs.org/debug/-/debug-0.7.4.tgz
180 verbose lock https://registry.npmjs.org/debug/-/debug-0.7.4.tgz /Users/bbiiggppiigg/.npm/e18a217e--npmjs-org-debug-debug-0-7-4-tgz.lock
181 verbose addRemoteTarball [ 'https://registry.npmjs.org/debug/-/debug-0.7.4.tgz',
181 verbose addRemoteTarball   '06e1ea8082c2cb14e39806e22e2f6f757f92af39' ]
182 info retry fetch attempt 1 at 14:27:20
183 verbose fetch to= /var/folders/f_/2c_pgxv94l9_jj_b3gsw48xc0000gn/T/npm-82838-bpmNyRDO/registry.npmjs.org/debug/-/debug-0.7.4.tgz
184 http GET https://registry.npmjs.org/debug/-/debug-0.7.4.tgz
185 http 200 https://registry.npmjs.org/engine.io
186 silly registry.get cb [ 200,
186 silly registry.get   { date: 'Fri, 26 Sep 2014 19:27:20 GMT',
186 silly registry.get     server: 'CouchDB/1.5.0 (Erlang OTP/R16B03)',
186 silly registry.get     etag: '"4OT1CLAXHKQ9K19H4U8RJYT0V"',
186 silly registry.get     'content-type': 'application/json',
186 silly registry.get     'cache-control': 'max-age=60',
186 silly registry.get     'content-length': '90030',
186 silly registry.get     'accept-ranges': 'bytes',
186 silly registry.get     via: '1.1 varnish',
186 silly registry.get     age: '1635',
186 silly registry.get     'x-served-by': 'cache-ord1733-ORD',
186 silly registry.get     'x-cache': 'HIT',
186 silly registry.get     'x-cache-hits': '1',
186 silly registry.get     'x-timer': 'S1411759640.197262,VS0,VE68',
186 silly registry.get     vary: 'Accept',
186 silly registry.get     'keep-alive': 'timeout=10, max=50',
186 silly registry.get     connection: 'Keep-Alive' } ]
187 silly lockFile cceffd53-rg-engine-io-engine-io-1-4-0-tgz https://registry.npmjs.org/engine.io/-/engine.io-1.4.0.tgz
188 verbose lock https://registry.npmjs.org/engine.io/-/engine.io-1.4.0.tgz /Users/bbiiggppiigg/.npm/cceffd53-rg-engine-io-engine-io-1-4-0-tgz.lock
189 verbose addRemoteTarball [ 'https://registry.npmjs.org/engine.io/-/engine.io-1.4.0.tgz',
189 verbose addRemoteTarball   '972c4f690f7efdc38b2a286760bb5f3e216ff168' ]
190 info retry fetch attempt 1 at 14:27:20
191 verbose fetch to= /var/folders/f_/2c_pgxv94l9_jj_b3gsw48xc0000gn/T/npm-82838-bpmNyRDO/registry.npmjs.org/engine.io/-/engine.io-1.4.0.tgz
192 http GET https://registry.npmjs.org/engine.io/-/engine.io-1.4.0.tgz
193 http 200 https://registry.npmjs.org/socket.io-parser
194 silly registry.get cb [ 200,
194 silly registry.get   { date: 'Fri, 26 Sep 2014 19:27:20 GMT',
194 silly registry.get     server: 'CouchDB/1.5.0 (Erlang OTP/R16B03)',
194 silly registry.get     etag: '"CT4DRXJN0F94X6ZY48HDIK13W"',
194 silly registry.get     'content-type': 'application/json',
194 silly registry.get     'cache-control': 'max-age=60',
194 silly registry.get     'content-length': '16665',
194 silly registry.get     'accept-ranges': 'bytes',
194 silly registry.get     via: '1.1 varnish',
194 silly registry.get     age: '9248',
194 silly registry.get     'x-served-by': 'cache-ord1727-ORD',
194 silly registry.get     'x-cache': 'HIT',
194 silly registry.get     'x-cache-hits': '1',
194 silly registry.get     'x-timer': 'S1411759640.198567,VS0,VE137',
194 silly registry.get     vary: 'Accept',
194 silly registry.get     'keep-alive': 'timeout=10, max=50',
194 silly registry.get     connection: 'Keep-Alive' } ]
195 http 200 https://registry.npmjs.org/socket.io-adapter/-/socket.io-adapter-0.2.0.tgz
196 http 200 https://registry.npmjs.org/socket.io-client/-/socket.io-client-1.1.0.tgz
197 silly lockFile 7ce016af-pter-socket-io-adapter-0-2-0-tgz https://registry.npmjs.org/socket.io-adapter/-/socket.io-adapter-0.2.0.tgz
198 silly lockFile 7ce016af-pter-socket-io-adapter-0-2-0-tgz https://registry.npmjs.org/socket.io-adapter/-/socket.io-adapter-0.2.0.tgz
199 silly lockFile 00adeea2-socket-io-adapter-0-2-0 socket.io-adapter@0.2.0
200 silly lockFile 00adeea2-socket-io-adapter-0-2-0 socket.io-adapter@0.2.0
201 silly lockFile 303875b7-arser-socket-io-parser-2-2-1-tgz https://registry.npmjs.org/socket.io-parser/-/socket.io-parser-2.2.1.tgz
202 verbose lock https://registry.npmjs.org/socket.io-parser/-/socket.io-parser-2.2.1.tgz /Users/bbiiggppiigg/.npm/303875b7-arser-socket-io-parser-2-2-1-tgz.lock
203 verbose addRemoteTarball [ 'https://registry.npmjs.org/socket.io-parser/-/socket.io-parser-2.2.1.tgz',
203 verbose addRemoteTarball   '22e79d7a8458f4b48cc20884c00285487b1b77d8' ]
204 info retry fetch attempt 1 at 14:27:20
205 verbose fetch to= /var/folders/f_/2c_pgxv94l9_jj_b3gsw48xc0000gn/T/npm-82838-bpmNyRDO/registry.npmjs.org/socket.io-parser/-/socket.io-parser-2.2.1.tgz
206 http GET https://registry.npmjs.org/socket.io-parser/-/socket.io-parser-2.2.1.tgz
207 http 200 https://registry.npmjs.org/debug/-/debug-0.7.4.tgz
208 silly lockFile e18a217e--npmjs-org-debug-debug-0-7-4-tgz https://registry.npmjs.org/debug/-/debug-0.7.4.tgz
209 silly lockFile e18a217e--npmjs-org-debug-debug-0-7-4-tgz https://registry.npmjs.org/debug/-/debug-0.7.4.tgz
210 silly lockFile 16160008-debug-0-7-4 debug@0.7.4
211 silly lockFile 16160008-debug-0-7-4 debug@0.7.4
212 verbose about to build /usr/local/lib/node_modules/socket.io
213 info /usr/local/lib/node_modules/socket.io unbuild
214 info preuninstall socket.io@1.1.0
215 info uninstall socket.io@1.1.0
216 verbose true,/usr/local/lib/node_modules,/usr/local/lib/node_modules unbuild socket.io@1.1.0
217 info postuninstall socket.io@1.1.0
218 error Error: EACCES, open '/Users/bbiiggppiigg/.npm/debug/0.7.4/package/package.json'
218 error  { [Error: EACCES, open '/Users/bbiiggppiigg/.npm/debug/0.7.4/package/package.json']
218 error   errno: 3,
218 error   code: 'EACCES',
218 error   path: '/Users/bbiiggppiigg/.npm/debug/0.7.4/package/package.json',
218 error   parent: 'socket.io' }
219 error Please try running this command again as root/Administrator.
220 error System Darwin 13.3.0
221 error command "node" "/usr/local/bin/npm" "install" "-g" "socket.io" "-f"
222 error cwd /Users/bbiiggppiigg/www/moodle/js
223 error node -v v0.10.29
224 error npm -v 1.4.14
225 error path /Users/bbiiggppiigg/.npm/debug/0.7.4/package/package.json
226 error code EACCES
227 error errno 3
228 error stack Error: EACCES, open '/Users/bbiiggppiigg/.npm/debug/0.7.4/package/package.json'
229 verbose exit [ 3, true ]
